#
# A fatal error has been detected by the Java Runtime Environment:
#
#  SIGSEGV (0xb) at pc=0x0000000102646916, pid=11101, tid=19203
#
# JRE version: Java(TM) SE Runtime Environment (8.0_65-b17) (build 1.8.0_65-b17)
# Java VM: Java HotSpot(TM) 64-Bit Server VM (25.65-b01 mixed mode bsd-amd64 compressed oops)
# Problematic frame:
# V  [libjvm.dylib+0x446916]  Method::checked_resolve_jmethod_id(_jmethodID*)+0x1c
#
# Failed to write core dump. Core dumps have been disabled. To enable core dumping, try "ulimit -c unlimited" before starting Java again
#
# If you would like to submit a bug report, please visit:
#   http://bugreport.java.com/bugreport/crash.jsp
#

---------------  T H R E A D  ---------------

Current thread (0x00007fa813005800):  JavaThread "JDWP Transport Listener: dt_socket" daemon [_thread_in_vm, id=19203, stack(0x0000700000f47000,0x0000700001047000)]

siginfo: si_signo: 11 (SIGSEGV), si_code: 0 (unknown), si_addr: 0x0000000000000000

Registers:
RAX=0x0000000000000001, RBX=0xbde0a3bde0a2bde0, RCX=0x0000000102a15310, RDX=0x0000700001046a8b
RSP=0x00007000010469d0, RBP=0x00007000010469e0, RSI=0x00007fa813005800, RDI=0x00007fa812a80002
R8 =0x0000000000000008, R9 =0x0000000000000000, R10=0x0000000000000009, R11=0x00007fa816900000
R12=0x00007fa813005800, R13=0x00007fa812a80002, R14=0x00007fa812a80002, R15=0x00007fa811c03490
RIP=0x0000000102646916, EFLAGS=0x0000000000010296, ERR=0x0000000000000000
  TRAPNO=0x000000000000000d

Top of Stack: (sp=0x00007000010469d0)
0x00007000010469d0:   0000700001046a8b 0000700001046a8b
0x00007000010469e0:   0000700001046a40 0000000102555a02
0x00007000010469f0:   00007fa813005800 0000000000000000
0x0000700001046a00:   0000000000000000 0000000000000000
0x0000700001046a10:   00007fa813005800 00007fa813005800
0x0000700001046a20:   0000700001046a8b 0000700001046a90
0x0000700001046a30:   00007fa812a80002 0000000000000002
0x0000700001046a40:   0000700001046a60 00000001010f5780
0x0000700001046a50:   0000000000000001 0000700001046b08
0x0000700001046a60:   0000700001046ad0 00000001010da1f3
0x0000700001046a70:   0000700001046aa0 00007fa8169681d0
0x0000700001046a80:   0000000300000032 0000000100046b08
0x0000700001046a90:   0000000000000000 0000000000000000
0x0000700001046aa0:   0000000000000000 0000700001046c90
0x0000700001046ab0:   00000001010fce7a 00007fa81697f870
0x0000700001046ac0:   0000700001046b08 0000000101108598
0x0000700001046ad0:   0000700001046ae0 00000001010da2ec
0x0000700001046ae0:   0000700001046d00 00000001010e3898
0x0000700001046af0:   0002160100000013 00000000000f0200
0x0000700001046b00:   00007fa81697f820 00007fa816974245
0x0000700001046b10:   00007fa8000001c3 00007fa816981ea0
0x0000700001046b20:   000000000000012c 0000700001046b58
0x0000700001046b30:   00007fa816981ea0 0000000000000000
0x0000700001046b40:   00021601000001cc 00007fff0000cc80
0x0000700001046b50:   0000000000000000 a87f000003000000
0x0000700001046b60:   18000000b0688816 72246164626d616c
0x0000700001046b70:   4372657473696765 3024796e61706d6f
0x0000700001046b80:   726f4c2840000000 676e697270732f67
0x0000700001046b90:   726f77656d617266 6164696c61762f6b
0x0000700001046ba0:   6a624f2f6e6f6974 726f727245746365
0x0000700001046bb0:   2f6176616a4c293b 7274532f676e616c
0x0000700001046bc0:   000000003b676e69 a87f00000a1000f0 

Instructions: (pc=0x0000000102646916)
0x00000001026468f6:   31 c0 5d c3 55 48 89 e5 53 48 83 ec 08 48 85 ff
0x0000000102646906:   74 24 48 8b 1f 48 85 db 74 1c 48 83 fb 37 74 16
0x0000000102646916:   48 8b 03 48 89 df ff 50 10 84 c0 b8 00 00 00 00
0x0000000102646926:   48 0f 45 c3 eb 02 31 c0 48 83 c4 08 5b 5d c3 90 

Register to memory mapping:

RAX=0x0000000000000001 is an unknown value
RBX=0xbde0a3bde0a2bde0 is an unknown value
RCX=0x0000000102a15310: UseMembar+0 in /Library/Java/JavaVirtualMachines/jdk1.8.0_65.jdk/Contents/Home/jre/lib/server/libjvm.dylib at 0x0000000102200000
RDX=0x0000700001046a8b is pointing into the stack for thread: 0x00007fa813005800
RSP=0x00007000010469d0 is pointing into the stack for thread: 0x00007fa813005800
RBP=0x00007000010469e0 is pointing into the stack for thread: 0x00007fa813005800
RSI=0x00007fa813005800 is a thread
RDI=0x00007fa812a80002 is an unknown value
R8 =0x0000000000000008 is an unknown value
R9 =0x0000000000000000 is an unknown value
R10=0x0000000000000009 is an unknown value
R11=0x00007fa816900000 is an unknown value
R12=0x00007fa813005800 is a thread
R13=0x00007fa812a80002 is an unknown value
R14=0x00007fa812a80002 is an unknown value
R15=0x00007fa811c03490 is an unknown value


Stack: [0x0000700000f47000,0x0000700001047000],  sp=0x00007000010469d0,  free space=1022k
Native frames: (J=compiled Java code, j=interpreted, Vv=VM code, C=native code)
V  [libjvm.dylib+0x446916]  Method::checked_resolve_jmethod_id(_jmethodID*)+0x1c
V  [libjvm.dylib+0x355a02]  jvmti_IsMethodSynthetic+0xb2
C  [libjdwp.dylib+0x20780]  isMethodSynthetic+0x63
C  [libjdwp.dylib+0x51f3]  methods1+0x10b
C  [libjdwp.dylib+0x52ec]  methodsWithGeneric+0xe
C  [libjdwp.dylib+0xe898]  debugLoop_run+0x1ce
C  [libjdwp.dylib+0x1f6ba]  attachThread+0x4d
V  [libjvm.dylib+0x396d60]  JvmtiAgentThread::call_start_function()+0x38
V  [libjvm.dylib+0x5612d3]  JavaThread::thread_main_inner()+0x9b
V  [libjvm.dylib+0x5629ce]  JavaThread::run()+0x1c2
V  [libjvm.dylib+0x48342e]  java_start(Thread*)+0xf6
C  [libsystem_pthread.dylib+0x399d]  _pthread_body+0x83
C  [libsystem_pthread.dylib+0x391a]  _pthread_body+0x0
C  [libsystem_pthread.dylib+0x1351]  thread_start+0xd
C  0x0000000000000000


---------------  P R O C E S S  ---------------

Java Threads: ( => current thread )
  0x00007fa81230b000 JavaThread "http-nio-8080-AsyncTimeout" daemon [_thread_blocked, id=43283, stack(0x00007000033b3000,0x00007000034b3000)]
  0x00007fa81618b800 JavaThread "http-nio-8080-Acceptor-0" daemon [_thread_in_native, id=30995, stack(0x00007000032b0000,0x00007000033b0000)]
  0x00007fa81624b000 JavaThread "http-nio-8080-ClientPoller-1" daemon [_thread_in_native, id=16659, stack(0x00007000031ad000,0x00007000032ad000)]
  0x00007fa812a8e000 JavaThread "http-nio-8080-ClientPoller-0" daemon [_thread_in_native, id=37395, stack(0x00007000030aa000,0x00007000031aa000)]
  0x00007fa81624a800 JavaThread "http-nio-8080-exec-10" daemon [_thread_blocked, id=26895, stack(0x0000700002fa7000,0x00007000030a7000)]
  0x00007fa816249800 JavaThread "http-nio-8080-exec-9" daemon [_thread_blocked, id=35603, stack(0x0000700002ea4000,0x0000700002fa4000)]
  0x00007fa816249000 JavaThread "http-nio-8080-exec-8" daemon [_thread_blocked, id=38163, stack(0x0000700002da1000,0x0000700002ea1000)]
  0x00007fa814836800 JavaThread "http-nio-8080-exec-7" daemon [_thread_blocked, id=44307, stack(0x0000700002c9e000,0x0000700002d9e000)]
  0x00007fa816241000 JavaThread "http-nio-8080-exec-6" daemon [_thread_blocked, id=31251, stack(0x0000700002b9b000,0x0000700002c9b000)]
  0x00007fa81430a800 JavaThread "http-nio-8080-exec-5" daemon [_thread_blocked, id=34583, stack(0x0000700002995000,0x0000700002a95000)]
  0x00007fa813007000 JavaThread "http-nio-8080-exec-4" daemon [_thread_blocked, id=40211, stack(0x0000700002892000,0x0000700002992000)]
  0x00007fa81296d000 JavaThread "http-nio-8080-exec-3" daemon [_thread_blocked, id=32275, stack(0x000070000278f000,0x000070000288f000)]
  0x00007fa81296c800 JavaThread "http-nio-8080-exec-2" daemon [_thread_blocked, id=39955, stack(0x000070000268c000,0x000070000278c000)]
  0x00007fa81296b800 JavaThread "http-nio-8080-exec-1" daemon [_thread_blocked, id=34839, stack(0x0000700002589000,0x0000700002689000)]
  0x00007fa812968800 JavaThread "NioBlockingSelector.BlockPoller-5" daemon [_thread_in_native, id=33299, stack(0x0000700002486000,0x0000700002586000)]
  0x00007fa81432b800 JavaThread "File Watcher" daemon [_thread_blocked, id=32019, stack(0x0000700002383000,0x0000700002483000)]
  0x00007fa815063800 JavaThread "container-0" [_thread_blocked, id=39443, stack(0x0000700002280000,0x0000700002380000)]
  0x00007fa812309800 JavaThread "ContainerBackgroundProcessor[StandardEngine[Tomcat]]" daemon [_thread_blocked, id=37651, stack(0x000070000217d000,0x000070000227d000)]
  0x00007fa81506b800 JavaThread "CleanCursors-5-thread-1" daemon [_thread_blocked, id=40723, stack(0x000070000207a000,0x000070000217a000)]
  0x00007fa812b0a000 JavaThread "cluster-ClusterId{value='5ba5ff113b09c12b5deca900', description='null'}-localhost:27017" daemon [_thread_blocked, id=44575, stack(0x0000700001f77000,0x0000700002077000)]
  0x00007fa81305e800 JavaThread "localhost-startStop-1" daemon [_thread_blocked, id=29211, stack(0x0000700001e74000,0x0000700001f74000)]
  0x00007fa812307000 JavaThread "Tomcat-startStop-1" daemon [_thread_blocked, id=28959, stack(0x0000700001c6e000,0x0000700001d6e000)]
  0x00007fa812c2d800 JavaThread "DestroyJavaVM" [_thread_blocked, id=5891, stack(0x000070000011a000,0x000070000021a000)]
  0x00007fa81229c800 JavaThread "Live Reload Server" daemon [_thread_in_native, id=34055, stack(0x0000700002a98000,0x0000700002b98000)]
  0x00007fa81286c000 JavaThread "RMI Scheduler(0)" daemon [_thread_blocked, id=27395, stack(0x0000700001d71000,0x0000700001e71000)]
  0x00007fa813028000 JavaThread "RMI TCP Accept-0" daemon [_thread_in_native, id=25347, stack(0x0000700001965000,0x0000700001a65000)]
  0x00007fa8160b4000 JavaThread "RMI TCP Accept-52512" daemon [_thread_in_native, id=24835, stack(0x0000700001862000,0x0000700001962000)]
  0x00007fa81212b000 JavaThread "RMI TCP Accept-0" daemon [_thread_in_native, id=24335, stack(0x000070000175f000,0x000070000185f000)]
  0x00007fa81586a800 JavaThread "Service Thread" daemon [_thread_blocked, id=22787, stack(0x000070000165c000,0x000070000175c000)]
  0x00007fa81600f800 JavaThread "C1 CompilerThread3" daemon [_thread_blocked, id=22275, stack(0x0000700001559000,0x0000700001659000)]
  0x00007fa81600e800 JavaThread "C2 CompilerThread2" daemon [_thread_blocked, id=21763, stack(0x0000700001456000,0x0000700001556000)]
  0x00007fa81600e000 JavaThread "C2 CompilerThread1" daemon [_thread_blocked, id=21251, stack(0x0000700001353000,0x0000700001453000)]
  0x00007fa81600d000 JavaThread "C2 CompilerThread0" daemon [_thread_blocked, id=20739, stack(0x0000700001250000,0x0000700001350000)]
  0x00007fa81601a000 JavaThread "JDWP Command Reader" daemon [_thread_in_native, id=20227, stack(0x000070000114d000,0x000070000124d000)]
  0x00007fa813003000 JavaThread "JDWP Event Helper Thread" daemon [_thread_blocked, id=19715, stack(0x000070000104a000,0x000070000114a000)]
=>0x00007fa813005800 JavaThread "JDWP Transport Listener: dt_socket" daemon [_thread_in_vm, id=19203, stack(0x0000700000f47000,0x0000700001047000)]
  0x00007fa814026000 JavaThread "Signal Dispatcher" daemon [_thread_blocked, id=15887, stack(0x0000700000e44000,0x0000700000f44000)]
  0x00007fa812069000 JavaThread "Finalizer" daemon [_thread_blocked, id=14339, stack(0x0000700000c3b000,0x0000700000d3b000)]
  0x00007fa812068800 JavaThread "Reference Handler" daemon [_thread_blocked, id=13827, stack(0x0000700000b38000,0x0000700000c38000)]

Other Threads:
  0x00007fa812065800 VMThread [stack: 0x0000700000a35000,0x0000700000b35000] [id=13315]
  0x00007fa814819800 WatcherThread [stack: 0x0000700001a68000,0x0000700001b68000] [id=25859]

VM state:not at safepoint (normal execution)

VM Mutex/Monitor currently owned by a thread: None

Heap:
 PSYoungGen      total 347648K, used 206266K [0x000000076ab00000, 0x0000000781200000, 0x00000007c0000000)
  eden space 327680K, 62% used [0x000000076ab00000,0x000000077746ea00,0x000000077eb00000)
  from space 19968K, 0% used [0x000000077fe80000,0x000000077fe80000,0x0000000781200000)
  to   space 19968K, 0% used [0x000000077eb00000,0x000000077eb00000,0x000000077fe80000)
 ParOldGen       total 169472K, used 36231K [0x00000006c0000000, 0x00000006ca580000, 0x000000076ab00000)
  object space 169472K, 21% used [0x00000006c0000000,0x00000006c2361c08,0x00000006ca580000)
 Metaspace       used 46093K, capacity 49618K, committed 49792K, reserved 1091584K
  class space    used 6331K, capacity 6979K, committed 7040K, reserved 1048576K

Card table byte_map: [0x0000000112549000,0x0000000112d4a000] byte_map_base: 0x000000010ef49000

Marking Bits: (ParMarkBitMap*) 0x0000000102adee20
 Begin Bits: [0x00000001132a0000, 0x00000001172a0000)
 End Bits:   [0x00000001172a0000, 0x000000011b2a0000)

Polling page: 0x00000001010d4000

CodeCache: size=245760Kb used=13434Kb max_used=13434Kb free=232325Kb
 bounds [0x0000000103189000, 0x0000000103eb9000, 0x0000000112189000]
 total_blobs=7136 nmethods=6663 adapters=393
 compilation: enabled

Compilation events (10 events):
Event: 2625.954 Thread 0x00007fa81600f800 6818   !   1       com.sun.proxy.$Proxy59::annotationType (29 bytes)
Event: 2625.954 Thread 0x00007fa81600f800 nmethod 6818 0x0000000103ea97d0 code [0x0000000103ea9960, 0x0000000103ea9bd8]
Event: 2626.037 Thread 0x00007fa81600f800 6819   !   1       org.springframework.context.event.SimpleApplicationEventMulticaster::invokeListener (38 bytes)
Event: 2626.037 Thread 0x00007fa81600f800 nmethod 6819 0x0000000103ea9d50 code [0x0000000103ea9ee0, 0x0000000103eaa0c8]
Event: 2626.037 Thread 0x00007fa81600f800 6820   !   1       org.springframework.context.event.SimpleApplicationEventMulticaster::doInvokeListener (87 bytes)
Event: 2626.038 Thread 0x00007fa81600f800 nmethod 6820 0x0000000103eaa1d0 code [0x0000000103eaa3c0, 0x0000000103eaa918]
Event: 2626.444 Thread 0x00007fa81600f800 6821       1       java.lang.Thread::setPriority (56 bytes)
Event: 2626.482 Thread 0x00007fa81600f800 nmethod 6821 0x0000000103eab110 code [0x0000000103eab2a0, 0x0000000103eab528]
Event: 2627.282 Thread 0x00007fa81600f800 6823       1       java.text.DigitList::set (176 bytes)
Event: 2627.283 Thread 0x00007fa81600f800 nmethod 6823 0x0000000103eab690 code [0x0000000103eab840, 0x0000000103eabcc8]

GC Heap History (10 events):
Event: 708.975 GC heap before
{Heap before GC invocations=16 (full 4):
 PSYoungGen      total 288256K, used 267235K [0x000000076ab00000, 0x000000077dc00000, 0x00000007c0000000)
  eden space 267264K, 99% used [0x000000076ab00000,0x000000077aff8dc8,0x000000077b000000)
  from space 20992K, 0% used [0x000000077b000000,0x000000077b000000,0x000000077c480000)
  to   space 20992K, 0% used [0x000000077c780000,0x000000077c780000,0x000000077dc00000)
 ParOldGen       total 169472K, used 32007K [0x00000006c0000000, 0x00000006ca580000, 0x000000076ab00000)
  object space 169472K, 18% used [0x00000006c0000000,0x00000006c1f41fa0,0x00000006ca580000)
 Metaspace       used 45474K, capacity 48628K, committed 48896K, reserved 1091584K
  class space    used 6255K, capacity 6833K, committed 6912K, reserved 1048576K
Event: 708.980 GC heap after
Heap after GC invocations=16 (full 4):
 PSYoungGen      total 290304K, used 4927K [0x000000076ab00000, 0x000000077db00000, 0x00000007c0000000)
  eden space 270336K, 0% used [0x000000076ab00000,0x000000076ab00000,0x000000077b300000)
  from space 19968K, 24% used [0x000000077c780000,0x000000077cc4fd28,0x000000077db00000)
  to   space 20480K, 0% used [0x000000077b300000,0x000000077b300000,0x000000077c700000)
 ParOldGen       total 169472K, used 32015K [0x00000006c0000000, 0x00000006ca580000, 0x000000076ab00000)
  object space 169472K, 18% used [0x00000006c0000000,0x00000006c1f43fa0,0x00000006ca580000)
 Metaspace       used 45474K, capacity 48628K, committed 48896K, reserved 1091584K
  class space    used 6255K, capacity 6833K, committed 6912K, reserved 1048576K
}
Event: 708.980 GC heap before
{Heap before GC invocations=17 (full 5):
 PSYoungGen      total 290304K, used 4927K [0x000000076ab00000, 0x000000077db00000, 0x00000007c0000000)
  eden space 270336K, 0% used [0x000000076ab00000,0x000000076ab00000,0x000000077b300000)
  from space 19968K, 24% used [0x000000077c780000,0x000000077cc4fd28,0x000000077db00000)
  to   space 20480K, 0% used [0x000000077b300000,0x000000077b300000,0x000000077c700000)
 ParOldGen       total 169472K, used 32015K [0x00000006c0000000, 0x00000006ca580000, 0x000000076ab00000)
  object space 169472K, 18% used [0x00000006c0000000,0x00000006c1f43fa0,0x00000006ca580000)
 Metaspace       used 45474K, capacity 48628K, committed 48896K, reserved 1091584K
  class space    used 6255K, capacity 6833K, committed 6912K, reserved 1048576K
Event: 709.223 GC heap after
Heap after GC invocations=17 (full 5):
 PSYoungGen      total 290304K, used 0K [0x000000076ab00000, 0x000000077db00000, 0x00000007c0000000)
  eden space 270336K, 0% used [0x000000076ab00000,0x000000076ab00000,0x000000077b300000)
  from space 19968K, 0% used [0x000000077c780000,0x000000077c780000,0x000000077db00000)
  to   space 20480K, 0% used [0x000000077b300000,0x000000077b300000,0x000000077c700000)
 ParOldGen       total 169472K, used 34651K [0x00000006c0000000, 0x00000006ca580000, 0x000000076ab00000)
  object space 169472K, 20% used [0x00000006c0000000,0x00000006c21d6c40,0x00000006ca580000)
 Metaspace       used 45474K, capacity 48628K, committed 48896K, reserved 1091584K
  class space    used 6255K, capacity 6833K, committed 6912K, reserved 1048576K
}
Event: 1244.377 GC heap before
{Heap before GC invocations=18 (full 5):
 PSYoungGen      total 290304K, used 270336K [0x000000076ab00000, 0x000000077db00000, 0x00000007c0000000)
  eden space 270336K, 100% used [0x000000076ab00000,0x000000077b300000,0x000000077b300000)
  from space 19968K, 0% used [0x000000077c780000,0x000000077c780000,0x000000077db00000)
  to   space 20480K, 0% used [0x000000077b300000,0x000000077b300000,0x000000077c700000)
 ParOldGen       total 169472K, used 34651K [0x00000006c0000000, 0x00000006ca580000, 0x000000076ab00000)
  object space 169472K, 20% used [0x00000006c0000000,0x00000006c21d6c40,0x00000006ca580000)
 Metaspace       used 45674K, capacity 49076K, committed 49152K, reserved 1091584K
  class space    used 6287K, capacity 6905K, committed 6912K, reserved 1048576K
Event: 1244.385 GC heap after
Heap after GC invocations=18 (full 5):
 PSYoungGen      total 290816K, used 5489K [0x000000076ab00000, 0x0000000781200000, 0x00000007c0000000)
  eden space 270336K, 0% used [0x000000076ab00000,0x000000076ab00000,0x000000077b300000)
  from space 20480K, 26% used [0x000000077b300000,0x000000077b85c460,0x000000077c700000)
  to   space 19968K, 0% used [0x000000077fe80000,0x000000077fe80000,0x0000000781200000)
 ParOldGen       total 169472K, used 34659K [0x00000006c0000000, 0x00000006ca580000, 0x000000076ab00000)
  object space 169472K, 20% used [0x00000006c0000000,0x00000006c21d8c40,0x00000006ca580000)
 Metaspace       used 45674K, capacity 49076K, committed 49152K, reserved 1091584K
  class space    used 6287K, capacity 6905K, committed 6912K, reserved 1048576K
}
Event: 2624.275 GC heap before
{Heap before GC invocations=19 (full 5):
 PSYoungGen      total 290816K, used 174662K [0x000000076ab00000, 0x0000000781200000, 0x00000007c0000000)
  eden space 270336K, 62% used [0x000000076ab00000,0x0000000775035568,0x000000077b300000)
  from space 20480K, 26% used [0x000000077b300000,0x000000077b85c460,0x000000077c700000)
  to   space 19968K, 0% used [0x000000077fe80000,0x000000077fe80000,0x0000000781200000)
 ParOldGen       total 169472K, used 34659K [0x00000006c0000000, 0x00000006ca580000, 0x000000076ab00000)
  object space 169472K, 20% used [0x00000006c0000000,0x00000006c21d8c40,0x00000006ca580000)
 Metaspace       used 45684K, capacity 49082K, committed 49152K, reserved 1091584K
  class space    used 6288K, capacity 6907K, committed 6912K, reserved 1048576K
Event: 2624.283 GC heap after
Heap after GC invocations=19 (full 5):
 PSYoungGen      total 347648K, used 3539K [0x000000076ab00000, 0x0000000781200000, 0x00000007c0000000)
  eden space 327680K, 0% used [0x000000076ab00000,0x000000076ab00000,0x000000077eb00000)
  from space 19968K, 17% used [0x000000077fe80000,0x00000007801f4c10,0x0000000781200000)
  to   space 19968K, 0% used [0x000000077eb00000,0x000000077eb00000,0x000000077fe80000)
 ParOldGen       total 169472K, used 34667K [0x00000006c0000000, 0x00000006ca580000, 0x000000076ab00000)
  object space 169472K, 20% used [0x00000006c0000000,0x00000006c21dac40,0x00000006ca580000)
 Metaspace       used 45684K, capacity 49082K, committed 49152K, reserved 1091584K
  class space    used 6288K, capacity 6907K, committed 6912K, reserved 1048576K
}
Event: 2624.283 GC heap before
{Heap before GC invocations=20 (full 6):
 PSYoungGen      total 347648K, used 3539K [0x000000076ab00000, 0x0000000781200000, 0x00000007c0000000)
  eden space 327680K, 0% used [0x000000076ab00000,0x000000076ab00000,0x000000077eb00000)
  from space 19968K, 17% used [0x000000077fe80000,0x00000007801f4c10,0x0000000781200000)
  to   space 19968K, 0% used [0x000000077eb00000,0x000000077eb00000,0x000000077fe80000)
 ParOldGen       total 169472K, used 34667K [0x00000006c0000000, 0x00000006ca580000, 0x000000076ab00000)
  object space 169472K, 20% used [0x00000006c0000000,0x00000006c21dac40,0x00000006ca580000)
 Metaspace       used 45684K, capacity 49082K, committed 49152K, reserved 1091584K
  class space    used 6288K, capacity 6907K, committed 6912K, reserved 1048576K
Event: 2624.570 GC heap after
Heap after GC invocations=20 (full 6):
 PSYoungGen      total 347648K, used 0K [0x000000076ab00000, 0x0000000781200000, 0x00000007c0000000)
  eden space 327680K, 0% used [0x000000076ab00000,0x000000076ab00000,0x000000077eb00000)
  from space 19968K, 0% used [0x000000077fe80000,0x000000077fe80000,0x0000000781200000)
  to   space 19968K, 0% used [0x000000077eb00000,0x000000077eb00000,0x000000077fe80000)
 ParOldGen       total 169472K, used 36231K [0x00000006c0000000, 0x00000006ca580000, 0x000000076ab00000)
  object space 169472K, 21% used [0x00000006c0000000,0x00000006c2361c08,0x00000006ca580000)
 Metaspace       used 45684K, capacity 49082K, committed 49152K, reserved 1091584K
  class space    used 6288K, capacity 6907K, committed 6912K, reserved 1048576K
}

Deoptimization events (0 events):
No events

Internal exceptions (10 events):
Event: 2625.951 Thread 0x00007fa812b09000 Exception <a 'java/lang/ArrayIndexOutOfBoundsException'> (0x00000007768af908) thrown at [/Users/java_re/workspace/8-2-build-macosx-x86_64/jdk8u65/4987/hotspot/src/share/vm/runtime/sharedRuntime.cpp, line 605]
Event: 2625.954 Thread 0x00007fa812b09000 Exception <a 'java/lang/ArrayIndexOutOfBoundsException'> (0x0000000776918870) thrown at [/Users/java_re/workspace/8-2-build-macosx-x86_64/jdk8u65/4987/hotspot/src/share/vm/runtime/sharedRuntime.cpp, line 605]
Event: 2625.954 Thread 0x00007fa812b09000 Exception <a 'java/lang/ArrayIndexOutOfBoundsException'> (0x000000077691b8d8) thrown at [/Users/java_re/workspace/8-2-build-macosx-x86_64/jdk8u65/4987/hotspot/src/share/vm/runtime/sharedRuntime.cpp, line 605]
Event: 2625.955 Thread 0x00007fa812b09000 Exception <a 'java/lang/ArrayIndexOutOfBoundsException'> (0x000000077691ded8) thrown at [/Users/java_re/workspace/8-2-build-macosx-x86_64/jdk8u65/4987/hotspot/src/share/vm/runtime/sharedRuntime.cpp, line 605]
Event: 2625.955 Thread 0x00007fa812b09000 Exception <a 'java/lang/ArrayIndexOutOfBoundsException'> (0x000000077691fd68) thrown at [/Users/java_re/workspace/8-2-build-macosx-x86_64/jdk8u65/4987/hotspot/src/share/vm/runtime/sharedRuntime.cpp, line 605]
Event: 2625.955 Thread 0x00007fa812b09000 Exception <a 'java/lang/ArrayIndexOutOfBoundsException'> (0x000000077692f4f8) thrown at [/Users/java_re/workspace/8-2-build-macosx-x86_64/jdk8u65/4987/hotspot/src/share/vm/runtime/sharedRuntime.cpp, line 605]
Event: 2625.956 Thread 0x00007fa812b09000 Exception <a 'java/lang/ArrayIndexOutOfBoundsException'> (0x0000000776932648) thrown at [/Users/java_re/workspace/8-2-build-macosx-x86_64/jdk8u65/4987/hotspot/src/share/vm/runtime/sharedRuntime.cpp, line 605]
Event: 2625.956 Thread 0x00007fa812b09000 Exception <a 'java/lang/ArrayIndexOutOfBoundsException'> (0x0000000776934ff8) thrown at [/Users/java_re/workspace/8-2-build-macosx-x86_64/jdk8u65/4987/hotspot/src/share/vm/runtime/sharedRuntime.cpp, line 605]
Event: 2625.956 Thread 0x00007fa812b09000 Exception <a 'java/lang/ArrayIndexOutOfBoundsException'> (0x0000000776936e88) thrown at [/Users/java_re/workspace/8-2-build-macosx-x86_64/jdk8u65/4987/hotspot/src/share/vm/runtime/sharedRuntime.cpp, line 605]
Event: 2625.956 Thread 0x00007fa812b09000 Exception <a 'java/lang/ArrayIndexOutOfBoundsException'> (0x000000077693c120) thrown at [/Users/java_re/workspace/8-2-build-macosx-x86_64/jdk8u65/4987/hotspot/src/share/vm/runtime/sharedRuntime.cpp, line 605]

Events (10 events):
Event: 2627.885 Executing VM operation: RedefineClasses
Event: 2627.914 Executing VM operation: RedefineClasses done
Event: 2627.915 Executing VM operation: RedefineClasses
Event: 2627.948 Executing VM operation: RedefineClasses done
Event: 2627.949 Executing VM operation: RedefineClasses
Event: 2627.987 Executing VM operation: RedefineClasses done
Event: 2627.991 Executing VM operation: RedefineClasses
Event: 2628.022 Executing VM operation: RedefineClasses done
Event: 2628.022 Executing VM operation: RedefineClasses
Event: 2628.052 Executing VM operation: RedefineClasses done


Dynamic libraries:
0x0000000008d07000 	/System/Library/Frameworks/Cocoa.framework/Versions/A/Cocoa
0x0000000008d07000 	/System/Library/Frameworks/Security.framework/Versions/A/Security
0x0000000008d07000 	/System/Library/Frameworks/ApplicationServices.framework/Versions/A/ApplicationServices
0x0000000008d07000 	/usr/lib/libz.1.dylib
0x0000000008d07000 	/usr/lib/libSystem.B.dylib
0x0000000008d07000 	/usr/lib/libobjc.A.dylib
0x0000000008d07000 	/System/Library/Frameworks/CoreFoundation.framework/Versions/A/CoreFoundation
0x0000000008d07000 	/System/Library/Frameworks/Foundation.framework/Versions/C/Foundation
0x0000000008d07000 	/System/Library/Frameworks/AppKit.framework/Versions/C/AppKit
0x0000000008d07000 	/System/Library/Frameworks/CoreData.framework/Versions/A/CoreData
0x0000000008d07000 	/System/Library/PrivateFrameworks/RemoteViewServices.framework/Versions/A/RemoteViewServices
0x0000000008d07000 	/System/Library/PrivateFrameworks/UIFoundation.framework/Versions/A/UIFoundation
0x0000000008d07000 	/usr/lib/libScreenReader.dylib
0x0000000008d07000 	/System/Library/Frameworks/Accelerate.framework/Versions/A/Accelerate
0x0000000008d07000 	/System/Library/Frameworks/IOSurface.framework/Versions/A/IOSurface
0x0000000008d07000 	/System/Library/Frameworks/AudioToolbox.framework/Versions/A/AudioToolbox
0x0000000008d07000 	/System/Library/Frameworks/AudioUnit.framework/Versions/A/AudioUnit
0x0000000008d07000 	/System/Library/PrivateFrameworks/DataDetectorsCore.framework/Versions/A/DataDetectorsCore
0x0000000008d07000 	/System/Library/PrivateFrameworks/DesktopServicesPriv.framework/Versions/A/DesktopServicesPriv
0x0000000008d07000 	/System/Library/Frameworks/Carbon.framework/Versions/A/Frameworks/HIToolbox.framework/Versions/A/HIToolbox
0x0000000008d07000 	/System/Library/Frameworks/QuartzCore.framework/Versions/A/QuartzCore
0x0000000008d07000 	/System/Library/Frameworks/Carbon.framework/Versions/A/Frameworks/SpeechRecognition.framework/Versions/A/SpeechRecognition
0x0000000008d07000 	/usr/lib/libauto.dylib
0x0000000008d07000 	/usr/lib/libicucore.A.dylib
0x0000000008d07000 	/usr/lib/libxml2.2.dylib
0x0000000008d07000 	/System/Library/PrivateFrameworks/CoreUI.framework/Versions/A/CoreUI
0x0000000008d07000 	/System/Library/Frameworks/CoreAudio.framework/Versions/A/CoreAudio
0x0000000008d07000 	/System/Library/Frameworks/DiskArbitration.framework/Versions/A/DiskArbitration
0x0000000008d07000 	/usr/lib/liblangid.dylib
0x0000000008d07000 	/System/Library/PrivateFrameworks/MultitouchSupport.framework/Versions/A/MultitouchSupport
0x0000000008d07000 	/System/Library/Frameworks/IOKit.framework/Versions/A/IOKit
0x0000000008d07000 	/usr/lib/libDiagnosticMessagesClient.dylib
0x0000000008d07000 	/System/Library/Frameworks/CoreServices.framework/Versions/A/CoreServices
0x0000000008d07000 	/System/Library/PrivateFrameworks/PerformanceAnalysis.framework/Versions/A/PerformanceAnalysis
0x0000000008d07000 	/System/Library/PrivateFrameworks/GenerationalStorage.framework/Versions/A/GenerationalStorage
0x0000000008d07000 	/System/Library/Frameworks/OpenGL.framework/Versions/A/OpenGL
0x0000000008d07000 	/System/Library/PrivateFrameworks/Sharing.framework/Versions/A/Sharing
0x0000000008d07000 	/System/Library/Frameworks/CoreGraphics.framework/Versions/A/CoreGraphics
0x0000000008d07000 	/System/Library/Frameworks/CoreImage.framework/Versions/A/CoreImage
0x0000000008d07000 	/System/Library/Frameworks/CoreText.framework/Versions/A/CoreText
0x0000000008d07000 	/System/Library/Frameworks/ImageIO.framework/Versions/A/ImageIO
0x0000000008d07000 	/System/Library/PrivateFrameworks/Backup.framework/Versions/A/Backup
0x0000000008d07000 	/usr/lib/libextension.dylib
0x0000000008d07000 	/usr/lib/libarchive.2.dylib
0x0000000008d07000 	/System/Library/Frameworks/CFNetwork.framework/Versions/A/CFNetwork
0x0000000008d07000 	/System/Library/Frameworks/SystemConfiguration.framework/Versions/A/SystemConfiguration
0x0000000008d07000 	/usr/lib/libCRFSuite.dylib
0x0000000008d07000 	/usr/lib/libc++.1.dylib
0x0000000008d07000 	/usr/lib/libc++abi.dylib
0x0000000008d07000 	/usr/lib/system/libcache.dylib
0x0000000008d07000 	/usr/lib/system/libcommonCrypto.dylib
0x0000000008d07000 	/usr/lib/system/libcompiler_rt.dylib
0x0000000008d07000 	/usr/lib/system/libcopyfile.dylib
0x0000000008d07000 	/usr/lib/system/libcorecrypto.dylib
0x0000000008d07000 	/usr/lib/system/libdispatch.dylib
0x0000000008d07000 	/usr/lib/system/libdyld.dylib
0x0000000008d07000 	/usr/lib/system/libkeymgr.dylib
0x0000000008d07000 	/usr/lib/system/liblaunch.dylib
0x0000000008d07000 	/usr/lib/system/libmacho.dylib
0x0000000008d07000 	/usr/lib/system/libquarantine.dylib
0x0000000008d07000 	/usr/lib/system/libremovefile.dylib
0x0000000008d07000 	/usr/lib/system/libsystem_asl.dylib
0x0000000008d07000 	/usr/lib/system/libsystem_blocks.dylib
0x0000000008d07000 	/usr/lib/system/libsystem_c.dylib
0x0000000008d07000 	/usr/lib/system/libsystem_configuration.dylib
0x0000000008d07000 	/usr/lib/system/libsystem_coreservices.dylib
0x0000000008d07000 	/usr/lib/system/libsystem_coretls.dylib
0x0000000008d07000 	/usr/lib/system/libsystem_dnssd.dylib
0x0000000008d07000 	/usr/lib/system/libsystem_info.dylib
0x0000000008d07000 	/usr/lib/system/libsystem_kernel.dylib
0x0000000008d07000 	/usr/lib/system/libsystem_m.dylib
0x0000000008d07000 	/usr/lib/system/libsystem_malloc.dylib
0x0000000008d07000 	/usr/lib/system/libsystem_network.dylib
0x0000000008d07000 	/usr/lib/system/libsystem_networkextension.dylib
0x0000000008d07000 	/usr/lib/system/libsystem_notify.dylib
0x0000000008d07000 	/usr/lib/system/libsystem_platform.dylib
0x0000000008d07000 	/usr/lib/system/libsystem_pthread.dylib
0x0000000008d07000 	/usr/lib/system/libsystem_sandbox.dylib
0x0000000008d07000 	/usr/lib/system/libsystem_secinit.dylib
0x0000000008d07000 	/usr/lib/system/libsystem_trace.dylib
0x0000000008d07000 	/usr/lib/system/libunc.dylib
0x0000000008d07000 	/usr/lib/system/libunwind.dylib
0x0000000008d07000 	/usr/lib/system/libxpc.dylib
0x0000000008d07000 	/usr/lib/libenergytrace.dylib
0x0000000008d07000 	/usr/lib/libbsm.0.dylib
0x0000000008d07000 	/usr/lib/system/libkxld.dylib
0x0000000008d07000 	/usr/lib/libxar.1.dylib
0x0000000008d07000 	/usr/lib/libsqlite3.dylib
0x0000000008d07000 	/usr/lib/libpam.2.dylib
0x0000000008d07000 	/usr/lib/libOpenScriptingUtil.dylib
0x0000000008d07000 	/usr/lib/libbz2.1.0.dylib
0x0000000008d07000 	/usr/lib/liblzma.5.dylib
0x0000000008d07000 	/System/Library/Frameworks/CoreServices.framework/Versions/A/Frameworks/FSEvents.framework/Versions/A/FSEvents
0x0000000008d07000 	/System/Library/Frameworks/CoreServices.framework/Versions/A/Frameworks/CarbonCore.framework/Versions/A/CarbonCore
0x0000000008d07000 	/System/Library/Frameworks/CoreServices.framework/Versions/A/Frameworks/Metadata.framework/Versions/A/Metadata
0x0000000008d07000 	/System/Library/Frameworks/CoreServices.framework/Versions/A/Frameworks/OSServices.framework/Versions/A/OSServices
0x0000000008d07000 	/System/Library/Frameworks/CoreServices.framework/Versions/A/Frameworks/SearchKit.framework/Versions/A/SearchKit
0x0000000008d07000 	/System/Library/Frameworks/CoreServices.framework/Versions/A/Frameworks/AE.framework/Versions/A/AE
0x0000000008d07000 	/System/Library/Frameworks/CoreServices.framework/Versions/A/Frameworks/LaunchServices.framework/Versions/A/LaunchServices
0x0000000008d07000 	/System/Library/Frameworks/CoreServices.framework/Versions/A/Frameworks/DictionaryServices.framework/Versions/A/DictionaryServices
0x0000000008d07000 	/System/Library/Frameworks/CoreServices.framework/Versions/A/Frameworks/SharedFileList.framework/Versions/A/SharedFileList
0x0000000008d07000 	/System/Library/Frameworks/NetFS.framework/Versions/A/NetFS
0x0000000008d07000 	/System/Library/PrivateFrameworks/NetAuth.framework/Versions/A/NetAuth
0x0000000008d07000 	/System/Library/PrivateFrameworks/login.framework/Versions/A/Frameworks/loginsupport.framework/Versions/A/loginsupport
0x0000000008d07000 	/System/Library/PrivateFrameworks/TCC.framework/Versions/A/TCC
0x0000000008d07000 	/usr/lib/libmecabra.dylib
0x0000000008d07000 	/System/Library/Frameworks/ApplicationServices.framework/Versions/A/Frameworks/ATS.framework/Versions/A/ATS
0x0000000008d07000 	/System/Library/Frameworks/ApplicationServices.framework/Versions/A/Frameworks/ColorSync.framework/Versions/A/ColorSync
0x0000000008d07000 	/System/Library/Frameworks/ApplicationServices.framework/Versions/A/Frameworks/HIServices.framework/Versions/A/HIServices
0x0000000008d07000 	/System/Library/Frameworks/ApplicationServices.framework/Versions/A/Frameworks/LangAnalysis.framework/Versions/A/LangAnalysis
0x0000000008d07000 	/System/Library/Frameworks/ApplicationServices.framework/Versions/A/Frameworks/PrintCore.framework/Versions/A/PrintCore
0x0000000008d07000 	/System/Library/Frameworks/ApplicationServices.framework/Versions/A/Frameworks/QD.framework/Versions/A/QD
0x0000000008d07000 	/System/Library/Frameworks/ApplicationServices.framework/Versions/A/Frameworks/SpeechSynthesis.framework/Versions/A/SpeechSynthesis
0x0000000008d07000 	/System/Library/Frameworks/Metal.framework/Versions/A/Metal
0x0000000008d07000 	/System/Library/Frameworks/Accelerate.framework/Versions/A/Frameworks/vImage.framework/Versions/A/vImage
0x0000000008d07000 	/System/Library/Frameworks/Accelerate.framework/Versions/A/Frameworks/vecLib.framework/Versions/A/vecLib
0x0000000008d07000 	/System/Library/Frameworks/Accelerate.framework/Versions/A/Frameworks/vecLib.framework/Versions/A/libvDSP.dylib
0x0000000008d07000 	/System/Library/Frameworks/Accelerate.framework/Versions/A/Frameworks/vecLib.framework/Versions/A/libvMisc.dylib
0x0000000008d07000 	/System/Library/Frameworks/Accelerate.framework/Versions/A/Frameworks/vecLib.framework/Versions/A/libLAPACK.dylib
0x0000000008d07000 	/System/Library/Frameworks/Accelerate.framework/Versions/A/Frameworks/vecLib.framework/Versions/A/libBLAS.dylib
0x0000000008d07000 	/System/Library/Frameworks/Accelerate.framework/Versions/A/Frameworks/vecLib.framework/Versions/A/libLinearAlgebra.dylib
0x0000000008d07000 	/System/Library/Frameworks/Accelerate.framework/Versions/A/Frameworks/vecLib.framework/Versions/A/libSparseBLAS.dylib
0x0000000008d07000 	/System/Library/PrivateFrameworks/GPUCompiler.framework/libmetal_timestamp.dylib
0x0000000008d07000 	/System/Library/Frameworks/OpenGL.framework/Versions/A/Libraries/libCoreFSCache.dylib
0x0000000008d07000 	/System/Library/PrivateFrameworks/IOAccelerator.framework/Versions/A/IOAccelerator
0x0000000008d07000 	/System/Library/Frameworks/ApplicationServices.framework/Versions/A/Frameworks/ATS.framework/Versions/A/Resources/libFontParser.dylib
0x0000000008d07000 	/System/Library/Frameworks/ApplicationServices.framework/Versions/A/Frameworks/ATS.framework/Versions/A/Resources/libFontRegistry.dylib
0x0000000008d07000 	/System/Library/PrivateFrameworks/AppleVPA.framework/Versions/A/AppleVPA
0x0000000008d07000 	/System/Library/PrivateFrameworks/AppleJPEG.framework/Versions/A/AppleJPEG
0x0000000008d07000 	/System/Library/Frameworks/ImageIO.framework/Versions/A/Resources/libJPEG.dylib
0x0000000008d07000 	/System/Library/Frameworks/ImageIO.framework/Versions/A/Resources/libTIFF.dylib
0x0000000008d07000 	/System/Library/Frameworks/ImageIO.framework/Versions/A/Resources/libPng.dylib
0x0000000008d07000 	/System/Library/Frameworks/ImageIO.framework/Versions/A/Resources/libGIF.dylib
0x0000000008d07000 	/System/Library/Frameworks/ImageIO.framework/Versions/A/Resources/libJP2.dylib
0x0000000008d07000 	/System/Library/Frameworks/ImageIO.framework/Versions/A/Resources/libRadiance.dylib
0x0000000008d07000 	/System/Library/Frameworks/CoreVideo.framework/Versions/A/CoreVideo
0x0000000008d07000 	/System/Library/Frameworks/OpenGL.framework/Versions/A/Libraries/libGLU.dylib
0x0000000008d07000 	/System/Library/Frameworks/OpenGL.framework/Versions/A/Libraries/libGFXShared.dylib
0x0000000008d07000 	/System/Library/Frameworks/OpenGL.framework/Versions/A/Libraries/libGL.dylib
0x0000000008d07000 	/System/Library/Frameworks/OpenGL.framework/Versions/A/Libraries/libGLImage.dylib
0x0000000008d07000 	/System/Library/Frameworks/OpenGL.framework/Versions/A/Libraries/libCVMSPluginSupport.dylib
0x0000000008d07000 	/System/Library/Frameworks/OpenGL.framework/Versions/A/Libraries/libCoreVMClient.dylib
0x0000000008d07000 	/usr/lib/libcompression.dylib
0x0000000008d07000 	/usr/lib/libcups.2.dylib
0x0000000008d07000 	/System/Library/Frameworks/Kerberos.framework/Versions/A/Kerberos
0x0000000008d07000 	/System/Library/Frameworks/GSS.framework/Versions/A/GSS
0x0000000008d07000 	/usr/lib/libresolv.9.dylib
0x0000000008d07000 	/usr/lib/libiconv.2.dylib
0x0000000008d07000 	/System/Library/PrivateFrameworks/Heimdal.framework/Versions/A/Heimdal
0x0000000008d07000 	/usr/lib/libheimdal-asn1.dylib
0x0000000008d07000 	/System/Library/Frameworks/OpenDirectory.framework/Versions/A/OpenDirectory
0x0000000008d07000 	/System/Library/PrivateFrameworks/CommonAuth.framework/Versions/A/CommonAuth
0x0000000008d07000 	/System/Library/Frameworks/OpenDirectory.framework/Versions/A/Frameworks/CFOpenDirectory.framework/Versions/A/CFOpenDirectory
0x0000000008d07000 	/System/Library/Frameworks/SecurityFoundation.framework/Versions/A/SecurityFoundation
0x0000000008d07000 	/System/Library/PrivateFrameworks/LanguageModeling.framework/Versions/A/LanguageModeling
0x0000000008d07000 	/usr/lib/libmarisa.dylib
0x0000000008d07000 	/usr/lib/libChineseTokenizer.dylib
0x0000000008d07000 	/usr/lib/libcmph.dylib
0x0000000008d07000 	/System/Library/Frameworks/ServiceManagement.framework/Versions/A/ServiceManagement
0x0000000008d07000 	/usr/lib/libxslt.1.dylib
0x0000000008d07000 	/System/Library/Frameworks/Carbon.framework/Versions/A/Frameworks/Ink.framework/Versions/A/Ink
0x0000000008d07000 	/usr/lib/libFosl_dynamic.dylib
0x0000000008d07000 	/System/Library/PrivateFrameworks/FaceCore.framework/Versions/A/FaceCore
0x0000000008d07000 	/System/Library/Frameworks/OpenCL.framework/Versions/A/OpenCL
0x0000000008d07000 	/System/Library/PrivateFrameworks/CrashReporterSupport.framework/Versions/A/CrashReporterSupport
0x0000000008d07000 	/System/Library/PrivateFrameworks/IconServices.framework/Versions/A/IconServices
0x0000000008d07000 	/System/Library/PrivateFrameworks/Apple80211.framework/Versions/A/Apple80211
0x0000000008d07000 	/System/Library/Frameworks/CoreWLAN.framework/Versions/A/CoreWLAN
0x0000000008d07000 	/System/Library/Frameworks/IOBluetooth.framework/Versions/A/IOBluetooth
0x0000000008d07000 	/System/Library/PrivateFrameworks/CoreWiFi.framework/Versions/A/CoreWiFi
0x0000000008d07000 	/System/Library/Frameworks/CoreBluetooth.framework/Versions/A/CoreBluetooth
0x0000000008d07000 	/System/Library/PrivateFrameworks/ChunkingLibrary.framework/Versions/A/ChunkingLibrary
0x0000000008d07000 	/System/Library/PrivateFrameworks/DebugSymbols.framework/Versions/A/DebugSymbols
0x0000000008d07000 	/System/Library/PrivateFrameworks/CoreSymbolication.framework/Versions/A/CoreSymbolication
0x0000000008d07000 	/System/Library/PrivateFrameworks/Symbolication.framework/Versions/A/Symbolication
0x0000000008d07000 	/System/Library/PrivateFrameworks/SpeechRecognitionCore.framework/Versions/A/SpeechRecognitionCore
0x0000000102200000 	/Library/Java/JavaVirtualMachines/jdk1.8.0_65.jdk/Contents/Home/jre/lib/server/libjvm.dylib
0x0000000008d07000 	/usr/lib/libstdc++.6.dylib
0x0000000101091000 	/Library/Java/JavaVirtualMachines/jdk1.8.0_65.jdk/Contents/Home/jre/lib/libverify.dylib
0x000000010109f000 	/Library/Java/JavaVirtualMachines/jdk1.8.0_65.jdk/Contents/Home/jre/lib/libjava.dylib
0x00000001010d5000 	/Library/Java/JavaVirtualMachines/jdk1.8.0_65.jdk/Contents/Home/jre/lib/libjdwp.dylib
0x0000000101120000 	/Library/Java/JavaVirtualMachines/jdk1.8.0_65.jdk/Contents/Home/jre/lib/libnpt.dylib
0x0000000101124000 	/Library/Java/JavaVirtualMachines/jdk1.8.0_65.jdk/Contents/Home/jre/lib/libinstrument.dylib
0x0000000101182000 	/Library/Java/JavaVirtualMachines/jdk1.8.0_65.jdk/Contents/Home/jre/lib/libzip.dylib
0x000000011e1a6000 	/System/Library/Frameworks/JavaVM.framework/Frameworks/JavaRuntimeSupport.framework/JavaRuntimeSupport
0x000000011e1c1000 	/System/Library/Frameworks/JavaVM.framework/Versions/A/Frameworks/JavaNativeFoundation.framework/Versions/A/JavaNativeFoundation
0x000000011e1d6000 	/System/Library/Frameworks/JavaVM.framework/Versions/A/JavaVM
0x0000000008d07000 	/System/Library/Frameworks/Carbon.framework/Versions/A/Carbon
0x000000011e1e3000 	/System/Library/PrivateFrameworks/JavaLaunching.framework/Versions/A/JavaLaunching
0x0000000008d07000 	/System/Library/Frameworks/Carbon.framework/Versions/A/Frameworks/CommonPanels.framework/Versions/A/CommonPanels
0x0000000008d07000 	/System/Library/Frameworks/Carbon.framework/Versions/A/Frameworks/Help.framework/Versions/A/Help
0x0000000008d07000 	/System/Library/Frameworks/Carbon.framework/Versions/A/Frameworks/ImageCapture.framework/Versions/A/ImageCapture
0x0000000008d07000 	/System/Library/Frameworks/Carbon.framework/Versions/A/Frameworks/OpenScripting.framework/Versions/A/OpenScripting
0x0000000008d07000 	/System/Library/Frameworks/Carbon.framework/Versions/A/Frameworks/Print.framework/Versions/A/Print
0x0000000008d07000 	/System/Library/Frameworks/Carbon.framework/Versions/A/Frameworks/SecurityHI.framework/Versions/A/SecurityHI
0x000000011fb02000 	/Library/Java/JavaVirtualMachines/jdk1.8.0_65.jdk/Contents/Home/jre/lib/libdt_socket.dylib
0x000000011fe30000 	/Library/Java/JavaVirtualMachines/jdk1.8.0_65.jdk/Contents/Home/jre/lib/libmanagement.dylib
0x000000011fe3e000 	/Library/Java/JavaVirtualMachines/jdk1.8.0_65.jdk/Contents/Home/jre/lib/libnet.dylib
0x000000011fe9d000 	/Library/Java/JavaVirtualMachines/jdk1.8.0_65.jdk/Contents/Home/jre/lib/libnio.dylib
0x000000012159b000 	/Library/Java/JavaVirtualMachines/jdk1.8.0_65.jdk/Contents/Home/jre/lib/libsunec.dylib

VM Arguments:
jvm_args: -agentlib:jdwp=transport=dt_socket,address=127.0.0.1:52513,suspend=y,server=n -XX:TieredStopAtLevel=1 -Xverify:none -Dspring.output.ansi.enabled=always -Dcom.sun.management.jmxremote -Dcom.sun.management.jmxremote.port=52512 -Dcom.sun.management.jmxremote.authenticate=false -Dcom.sun.management.jmxremote.ssl=false -Djava.rmi.server.hostname=127.0.0.1 -Dspring.liveBeansView.mbeanDomain -Dspring.application.admin.enabled=true -javaagent:/Users/sheraz/Library/Caches/IntelliJIdea2018.1/captureAgent/debugger-agent.jar=file:/private/var/folders/js/vb1dyyss5k9004h04054j7lr0000gn/T/capture.props -Dfile.encoding=UTF-8 
java_command: com.sc.cdb.Application
java_class_path (initial): /Library/Java/JavaVirtualMachines/jdk1.8.0_65.jdk/Contents/Home/jre/lib/charsets.jar:/Library/Java/JavaVirtualMachines/jdk1.8.0_65.jdk/Contents/Home/jre/lib/deploy.jar:/Library/Java/JavaVirtualMachines/jdk1.8.0_65.jdk/Contents/Home/jre/lib/ext/cldrdata.jar:/Library/Java/JavaVirtualMachines/jdk1.8.0_65.jdk/Contents/Home/jre/lib/ext/dnsns.jar:/Library/Java/JavaVirtualMachines/jdk1.8.0_65.jdk/Contents/Home/jre/lib/ext/jaccess.jar:/Library/Java/JavaVirtualMachines/jdk1.8.0_65.jdk/Contents/Home/jre/lib/ext/jfxrt.jar:/Library/Java/JavaVirtualMachines/jdk1.8.0_65.jdk/Contents/Home/jre/lib/ext/localedata.jar:/Library/Java/JavaVirtualMachines/jdk1.8.0_65.jdk/Contents/Home/jre/lib/ext/nashorn.jar:/Library/Java/JavaVirtualMachines/jdk1.8.0_65.jdk/Contents/Home/jre/lib/ext/sunec.jar:/Library/Java/JavaVirtualMachines/jdk1.8.0_65.jdk/Contents/Home/jre/lib/ext/sunjce_provider.jar:/Library/Java/JavaVirtualMachines/jdk1.8.0_65.jdk/Contents/Home/jre/lib/ext/sunpkcs11.jar:/Library/Java/JavaVirtualMachines/jdk1.8.0_65.jdk/Contents/Home/jre/lib/ext/zipfs.jar:/Library/Java/JavaVirtualMachines/jdk1.8.0_65.jdk/Contents/Home/jre/lib/javaws.jar:/Library/Java/JavaVirtualMachines/jdk1.8.0_65.jdk/Contents/Home/jre/lib/jce.jar:/Library/Java/JavaVirtualMachines/jdk1.8.0_65.jdk/Contents/Home/jre/lib/jfr.jar:/Library/Java/JavaVirtualMachines/jdk1.8.0_65.jdk/Contents/Home/jre/lib/jfxswt.jar:/Library/Java/JavaVirtualMachines/jdk1.8.0_65.jdk/Contents/Home/jre/lib/jsse.jar:/Library/Java/JavaVirtualMachines/jdk1.8.0_65.jdk/Contents/Home/jre/lib/management-agent.jar:/Library/Java/JavaVirtualMachines/jdk1.8.0_65.jdk/Contents/Home/jre/lib/plugin.jar:/Library/Java/JavaVirtualMachines/jdk1.8.0_65.jdk/Contents/Home/jre/lib/resources.jar:/Library/Java/JavaVirtualMachines/jdk1.8.0_65.jdk/Contents/Home/jre/lib/rt.jar:/Library/Java/JavaVirtualMachines/jdk1.8.0_65.jdk/Contents/Home/lib/ant-javafx.jar:/Library/Java/JavaVirtualMachines/jdk1.8.0_65.jdk/Contents/Home/lib/dt.jar:/Library/Ja
Launcher Type: SUN_STANDARD

Environment Variables:
JAVA_HOME=/Library/Java/JavaVirtualMachines/jdk1.8.0_65.jdk/Contents/Home
PATH=/Users/sheraz/dev/bin:/Users/sheraz/dev/mongodb/bin:/Users/sheraz/dev/npm-global/bin:/Library/Java/JavaVirtualMachines/jdk1.8.0_65.jdk/Contents/Home/bin:/Users/sheraz/dev/apache-maven-3.5.3//bin:/Applications/MAMP/bin/php/php5.6.10/bin:/Users/sheraz/dev/gradle-3.4/bin:/Users/sheraz/dev/Android/sdk/emulator:/Users/sheraz/dev/Android/sdk/tools:/Users/sheraz/dev/Android/sdk/tools/bin:/Users/sheraz/dev/Android/sdk/platform-tools:/usr/local/bin:/usr/bin:/bin:/usr/sbin:/sbin:/opt/X11/bin
SHELL=/bin/bash
DISPLAY=/private/tmp/com.apple.launchd.412PLw2QHZ/org.macosforge.xquartz:0

Signal Handlers:
SIGSEGV: [libjvm.dylib+0x5a6d31], sa_mask[0]=11111111011111110111111111111111, sa_flags=SA_ONSTACK|SA_RESTART|SA_SIGINFO
SIGBUS: [libjvm.dylib+0x5a6d31], sa_mask[0]=11111111011111110111111111111111, sa_flags=SA_RESTART|SA_SIGINFO
SIGFPE: [libjvm.dylib+0x480a40], sa_mask[0]=11111111011111110111111111111111, sa_flags=SA_RESTART|SA_SIGINFO
SIGPIPE: [libjvm.dylib+0x480a40], sa_mask[0]=11111111011111110111111111111111, sa_flags=SA_RESTART|SA_SIGINFO
SIGXFSZ: [libjvm.dylib+0x480a40], sa_mask[0]=11111111011111110111111111111111, sa_flags=SA_RESTART|SA_SIGINFO
SIGILL: [libjvm.dylib+0x480a40], sa_mask[0]=11111111011111110111111111111111, sa_flags=SA_RESTART|SA_SIGINFO
SIGUSR1: SIG_DFL, sa_mask[0]=00000000000000000000000000000000, sa_flags=none
SIGUSR2: [libjvm.dylib+0x48055e], sa_mask[0]=00100000000000000000000000000000, sa_flags=SA_RESTART|SA_SIGINFO
SIGHUP: [libjvm.dylib+0x47eb35], sa_mask[0]=11111111011111110111111111111111, sa_flags=SA_RESTART|SA_SIGINFO
SIGINT: [libjvm.dylib+0x47eb35], sa_mask[0]=11111111011111110111111111111111, sa_flags=SA_RESTART|SA_SIGINFO
SIGTERM: [libjvm.dylib+0x47eb35], sa_mask[0]=11111111011111110111111111111111, sa_flags=SA_RESTART|SA_SIGINFO
SIGQUIT: [libjvm.dylib+0x47eb35], sa_mask[0]=11111111011111110111111111111111, sa_flags=SA_RESTART|SA_SIGINFO


---------------  S Y S T E M  ---------------

OS:Bsduname:Darwin 15.6.0 Darwin Kernel Version 15.6.0: Tue Apr 11 16:00:51 PDT 2017; root:xnu-3248.60.11.5.3~1/RELEASE_X86_64 x86_64
rlimit: STACK 8192k, CORE 0k, NPROC 709, NOFILE 10240, AS infinity
load average:3.64 3.17 2.88

CPU:total 8 (4 cores per cpu, 2 threads per core) family 6 model 70 stepping 1, cmov, cx8, fxsr, mmx, sse, sse2, sse3, ssse3, sse4.1, sse4.2, popcnt, avx, avx2, aes, clmul, erms, lzcnt, ht, tsc, tscinvbit, bmi1, bmi2

Memory: 4k page, physical 16777216k(87920k free)

/proc/meminfo:


vm_info: Java HotSpot(TM) 64-Bit Server VM (25.65-b01) for bsd-amd64 JRE (1.8.0_65-b17), built on Oct  6 2015 15:36:46 by "java_re" with gcc 4.2.1 (Based on Apple Inc. build 5658) (LLVM build 2336.11.00)

time: Sat Sep 22 04:36:36 2018
elapsed time: 2628 seconds (0d 0h 43m 48s)

